<?xml version="1.0" encoding="utf-8"?><testsuites name="pytest tests"><testsuite name="pytest" errors="0" failures="0" skipped="0" tests="13" time="15.798" timestamp="2026-02-18T17:25:54.803291+00:00" hostname="agent-env-4f35ea4e-b89b-460c-8a37-b0c1b8a13f5b"><testcase classname="backend.tests.test_activities_business_flow.TestAuthFlow" name="test_login_success" time="0.737" /><testcase classname="backend.tests.test_activities_business_flow.TestAuthFlow" name="test_login_invalid_credentials" time="0.292" /><testcase classname="backend.tests.test_activities_business_flow.TestAuthFlow" name="test_register_duplicate_email" time="0.282" /><testcase classname="backend.tests.test_activities_business_flow.TestActivitiesCRUD" name="test_list_activities" time="1.041" /><testcase classname="backend.tests.test_activities_business_flow.TestActivitiesCRUD" name="test_create_activity" time="1.120" /><testcase classname="backend.tests.test_activities_business_flow.TestActivitiesCRUD" name="test_update_activity" time="2.228" /><testcase classname="backend.tests.test_activities_business_flow.TestActivitiesCRUD" name="test_delete_activity" time="2.256" /><testcase classname="backend.tests.test_activities_business_flow.TestBusinessFlow" name="test_list_businesses" time="1.169" /><testcase classname="backend.tests.test_activities_business_flow.TestBusinessFlow" name="test_get_category_tree" time="0.789" /><testcase classname="backend.tests.test_activities_business_flow.TestBusinessFlow" name="test_nearby_businesses_endpoint" time="1.076" /><testcase classname="backend.tests.test_activities_business_flow.TestBusinessFlow" name="test_my_business_endpoint" time="1.050" /><testcase classname="backend.tests.test_activities_business_flow.TestActivityWhatsAppShare" name="test_activity_has_required_fields_for_share" time="1.911" /><testcase classname="backend.tests.test_activities_business_flow.TestCleanup" name="test_cleanup_test_activities" time="1.716" /></testsuite></testsuites>