<?xml version="1.0" encoding="utf-8"?><testsuites name="pytest tests"><testsuite name="pytest" errors="0" failures="0" skipped="5" tests="69" time="11.448" timestamp="2026-02-12T13:18:57.724283+00:00" hostname="agent-env-1f53ba3e-5ea8-441f-a0de-e74be1dab555"><testcase classname="backend.tests.test_attendance.TestUserAttendanceAPI" name="test_attendance_endpoint_structure" time="0.326" /><testcase classname="backend.tests.test_attendance.TestUserAttendanceAPI" name="test_attendance_for_nonexistent_user" time="0.270" /><testcase classname="backend.tests.test_attendance.TestUserAttendanceAPI" name="test_attendance_requires_auth" time="0.036" /><testcase classname="backend.tests.test_attendance.TestUserAttendanceAPI" name="test_attendance_shows_created_activities" time="0.344" /><testcase classname="backend.tests.test_attendance.TestUserAttendanceAPI" name="test_activity_response_structure" time="0.294" /><testcase classname="backend.tests.test_attendance.TestUserAttendanceAPI" name="test_attendance_for_other_user" time="0.550" /><testcase classname="backend.tests.test_attendance.TestBusinessOwnerEvents" name="test_event_response_structure" time="0.420" /><testcase classname="backend.tests.test_attendance.TestAPIIntegration" name="test_full_attendance_flow" time="0.274" /><testcase classname="backend.tests.test_backend_api.TestHealthCheck" name="test_api_root" time="0.353" /><testcase classname="backend.tests.test_backend_api.TestAuthentication" name="test_auth_me_with_token" time="0.011" /><testcase classname="backend.tests.test_backend_api.TestAuthentication" name="test_auth_me_without_token" time="0.034" /><testcase classname="backend.tests.test_backend_api.TestHomeFeed" name="test_home_feed_without_location" time="0.150" /><testcase classname="backend.tests.test_backend_api.TestHomeFeed" name="test_home_feed_with_location" time="0.171" /><testcase classname="backend.tests.test_backend_api.TestHomeFeed" name="test_home_feed_with_custom_radius" time="0.361" /><testcase classname="backend.tests.test_backend_api.TestArtistProfile" name="test_create_artist_with_town_geocoding" time="0.008" /><testcase classname="backend.tests.test_backend_api.TestArtistProfile" name="test_get_my_artist" time="0.008" /><testcase classname="backend.tests.test_backend_api.TestArtistProfile" name="test_list_artists" time="0.021" /><testcase classname="backend.tests.test_backend_api.TestArtistProfile" name="test_update_artist_town_triggers_geocoding" time="0.118" /><testcase classname="backend.tests.test_backend_api.TestBusinessLocation" name="test_get_businesses" time="0.009" /><testcase classname="backend.tests.test_backend_api.TestBusinessLocation" name="test_get_my_business" time="0.049" /><testcase classname="backend.tests.test_backend_api.TestBusinessLocation" name="test_get_nearby_businesses" time="0.011" /><testcase classname="backend.tests.test_backend_api.TestBusinessLocation" name="test_create_business_with_location" time="0.008" /><testcase classname="backend.tests.test_backend_api.TestBusinessLocation" name="test_update_business_location" time="0.057" /><testcase classname="backend.tests.test_backend_api.TestEvents" name="test_list_events" time="0.009" /><testcase classname="backend.tests.test_backend_api.TestEvents" name="test_create_event_with_datetime" time="0.065" /><testcase classname="backend.tests.test_backend_api.TestEvents" name="test_update_event_datetime" time="0.061" /><testcase classname="backend.tests.test_backend_api.TestUserProfile" name="test_get_profile_me" time="0.007" /><testcase classname="backend.tests.test_backend_api.TestUserProfile" name="test_search_users" time="0.010" /><testcase classname="backend.tests.test_backend_api.TestUserProfile" name="test_get_friends_list" time="0.008" /><testcase classname="backend.tests.test_backend_api.TestUserProfile" name="test_get_user_public_profile" time="0.057" /><testcase classname="backend.tests.test_backend_api.TestUserProfile" name="test_get_conversations" time="0.008" /><testcase classname="backend.tests.test_backend_api.TestUserProfile" name="test_send_message_to_self" time="0.055" /><testcase classname="backend.tests.test_backend_api.TestUserProfile" name="test_get_messages_with_user" time="0.015" /><testcase classname="backend.tests.test_backend_api.TestActivities" name="test_list_activities" time="0.048" /><testcase classname="backend.tests.test_backend_api.TestActivities" name="test_create_activity_with_datetime_and_location" time="0.093" /><testcase classname="backend.tests.test_bug_fixes.TestCategoryTreeAPI" name="test_category_tree_returns_data" time="0.307" /><testcase classname="backend.tests.test_bug_fixes.TestCategoryTreeAPI" name="test_category_tree_expected_categories" time="0.037" /><testcase classname="backend.tests.test_bug_fixes.TestBusinessCategoryUpdate" name="test_update_business_category" time="0.332" /><testcase classname="backend.tests.test_bug_fixes.TestBusinessCategoryUpdate" name="test_update_business_invalid_subcategory" time="0.055" /><testcase classname="backend.tests.test_bug_fixes.TestBusinessCategoryUpdate" name="test_update_business_mismatched_category" time="0.037" /><testcase classname="backend.tests.test_bug_fixes.TestOpeningHoursUpdate" name="test_save_opening_hours" time="0.408" /><testcase classname="backend.tests.test_bug_fixes.TestOpeningHoursUpdate" name="test_opening_hours_with_multiple_periods" time="0.075" /><testcase classname="backend.tests.test_bug_fixes.TestMediaUploadAPI" name="test_media_upload_endpoint_exists" time="0.298" /><testcase classname="backend.tests.test_bug_fixes.TestArtistEventDateTimePicker" name="test_create_event_with_datetime" time="0.381" /><testcase classname="backend.tests.test_event_features.TestEventFeatures" name="test_get_events_list" time="0.277" /><testcase classname="backend.tests.test_event_features.TestEventFeatures" name="test_event_detail_returns_valid_data" time="0.011"><skipped type="pytest.skip" message="No events available to test event detail">/app/backend/tests/test_event_features.py:69: No events available to test event detail</skipped></testcase><testcase classname="backend.tests.test_event_features.TestEventFeatures" name="test_event_detail_404_for_invalid_id" time="0.051" /><testcase classname="backend.tests.test_event_features.TestEventFeatures" name="test_event_messages_list" time="0.014"><skipped type="pytest.skip" message="No events available to test messages">/app/backend/tests/test_event_features.py:110: No events available to test messages</skipped></testcase><testcase classname="backend.tests.test_event_features.TestEventFeatures" name="test_event_messages_send_and_verify" time="0.014"><skipped type="pytest.skip" message="No events available to test messages">/app/backend/tests/test_event_features.py:127: No events available to test messages</skipped></testcase><testcase classname="backend.tests.test_event_features.TestEventFeatures" name="test_events_have_required_fields_for_navigation" time="0.015"><skipped type="pytest.skip" message="No events to verify">/app/backend/tests/test_event_features.py:165: No events to verify</skipped></testcase><testcase classname="backend.tests.test_event_features.TestHomeFeedEvents" name="test_home_feed_returns_events" time="0.419" /><testcase classname="backend.tests.test_event_features.TestCalendarModalEvents" name="test_events_for_calendar_display" time="0.267"><skipped type="pytest.skip" message="No events for calendar test">/app/backend/tests/test_event_features.py:276: No events for calendar test</skipped></testcase><testcase classname="backend.tests.test_media_and_location.TestMediaUpload" name="test_media_upload_endpoint_exists" time="0.296" /><testcase classname="backend.tests.test_media_and_location.TestMediaUpload" name="test_upload_image_with_resource_type" time="0.464" /><testcase classname="backend.tests.test_media_and_location.TestMediaUpload" name="test_upload_with_default_resource_type" time="1.876" /><testcase classname="backend.tests.test_media_and_location.TestMediaUpload" name="test_upload_video_resource_type" time="0.275" /><testcase classname="backend.tests.test_media_and_location.TestMediaUpload" name="test_upload_requires_authentication" time="0.060" /><testcase classname="backend.tests.test_media_and_location.TestMediaUpload" name="test_upload_empty_file_returns_error" time="0.037" /><testcase classname="backend.tests.test_media_and_location.TestHomeFeedLocation" name="test_home_feed_without_location" time="0.153" /><testcase classname="backend.tests.test_media_and_location.TestHomeFeedLocation" name="test_home_feed_with_10km_location" time="0.158" /><testcase classname="backend.tests.test_media_and_location.TestHomeFeedLocation" name="test_home_feed_custom_radius" time="0.296" /><testcase classname="backend.tests.test_media_and_location.TestArtistGeocoding" name="test_artist_town_geocoding" time="0.015" /><testcase classname="backend.tests.test_media_and_location.TestArtistGeocoding" name="test_artist_update_town_geocoding" time="0.119" /><testcase classname="backend.tests.test_media_and_location.TestBusinessLocation" name="test_business_location_update" time="0.028" /><testcase classname="backend.tests.test_media_and_location.TestBusinessLocation" name="test_nearby_businesses_api" time="0.012" /><testcase classname="backend.tests.test_media_and_location.TestEventDateTime" name="test_create_event_with_datetime" time="0.051" /><testcase classname="backend.tests.test_media_and_location.TestUserMessaging" name="test_send_message" time="0.019" /><testcase classname="backend.tests.test_media_and_location.TestUserMessaging" name="test_get_conversations" time="0.010" /><testcase classname="backend.tests.test_media_and_location.TestUserMessaging" name="test_send_message_by_email" time="0.039" /></testsuite></testsuites>