<?xml version="1.0" encoding="utf-8"?><testsuites name="pytest tests"><testsuite name="pytest" errors="0" failures="0" skipped="0" tests="13" time="37.480" timestamp="2026-03-06T01:28:48.121243+00:00" hostname="agent-env-c2c6d8b4-baa7-47ec-a049-02f2a8bf5987"><testcase classname="backend.tests.test_analytics_api.TestAnalyticsAPI" name="test_user_analytics_endpoint_exists" time="5.796" /><testcase classname="backend.tests.test_analytics_api.TestAnalyticsAPI" name="test_user_analytics_data_types" time="5.131" /><testcase classname="backend.tests.test_analytics_api.TestAnalyticsAPI" name="test_user_analytics_with_days_parameter" time="2.584" /><testcase classname="backend.tests.test_analytics_api.TestAnalyticsAPI" name="test_artist_analytics_without_ownership" time="2.577" /><testcase classname="backend.tests.test_analytics_api.TestAnalyticsAPI" name="test_business_analytics_without_ownership" time="1.457" /><testcase classname="backend.tests.test_analytics_api.TestAnalyticsAPI" name="test_track_profile_view_endpoint" time="1.058" /><testcase classname="backend.tests.test_analytics_api.TestAnalyticsAPI" name="test_track_self_view_returns_false" time="0.929" /><testcase classname="backend.tests.test_analytics_api.TestAnalyticsAPI" name="test_analytics_unauthenticated_returns_401" time="0.729" /><testcase classname="backend.tests.test_analytics_api.TestAnalyticsAPI" name="test_artist_analytics_not_found" time="1.010" /><testcase classname="backend.tests.test_analytics_api.TestAnalyticsAPI" name="test_business_analytics_not_found" time="0.992" /><testcase classname="backend.tests.test_analytics_api.TestAnalyticsDataValidation" name="test_engagement_rate_calculation" time="5.049" /><testcase classname="backend.tests.test_analytics_api.TestAnalyticsDataValidation" name="test_growth_data_date_format" time="5.061" /><testcase classname="backend.tests.test_analytics_api.TestAnalyticsDataValidation" name="test_analytics_values_are_non_negative" time="5.053" /></testsuite></testsuites>