<?xml version="1.0" encoding="utf-8"?><testsuites name="pytest tests"><testsuite name="pytest" errors="0" failures="0" skipped="0" tests="8" time="2.847" timestamp="2026-02-12T10:23:47.316657+00:00" hostname="agent-env-40959e1b-6ca7-4ae9-9b57-21b5e4672780"><testcase classname="backend.tests.test_attendance.TestUserAttendanceAPI" name="test_attendance_endpoint_structure" time="0.351" /><testcase classname="backend.tests.test_attendance.TestUserAttendanceAPI" name="test_attendance_for_nonexistent_user" time="0.275" /><testcase classname="backend.tests.test_attendance.TestUserAttendanceAPI" name="test_attendance_requires_auth" time="0.042" /><testcase classname="backend.tests.test_attendance.TestUserAttendanceAPI" name="test_attendance_shows_created_activities" time="0.384" /><testcase classname="backend.tests.test_attendance.TestUserAttendanceAPI" name="test_activity_response_structure" time="0.371" /><testcase classname="backend.tests.test_attendance.TestUserAttendanceAPI" name="test_attendance_for_other_user" time="0.543" /><testcase classname="backend.tests.test_attendance.TestBusinessOwnerEvents" name="test_event_response_structure" time="0.477" /><testcase classname="backend.tests.test_attendance.TestAPIIntegration" name="test_full_attendance_flow" time="0.318" /></testsuite></testsuites>