<?xml version="1.0" encoding="utf-8"?><testsuites name="pytest tests"><testsuite name="pytest" errors="0" failures="0" skipped="0" tests="9" time="2.112" timestamp="2026-02-12T12:28:29.480077+00:00" hostname="agent-env-1f53ba3e-5ea8-441f-a0de-e74be1dab555"><testcase classname="backend.tests.test_bug_fixes.TestCategoryTreeAPI" name="test_category_tree_returns_data" time="0.372" /><testcase classname="backend.tests.test_bug_fixes.TestCategoryTreeAPI" name="test_category_tree_expected_categories" time="0.041" /><testcase classname="backend.tests.test_bug_fixes.TestBusinessCategoryUpdate" name="test_update_business_category" time="0.339" /><testcase classname="backend.tests.test_bug_fixes.TestBusinessCategoryUpdate" name="test_update_business_invalid_subcategory" time="0.037" /><testcase classname="backend.tests.test_bug_fixes.TestBusinessCategoryUpdate" name="test_update_business_mismatched_category" time="0.077" /><testcase classname="backend.tests.test_bug_fixes.TestOpeningHoursUpdate" name="test_save_opening_hours" time="0.457" /><testcase classname="backend.tests.test_bug_fixes.TestOpeningHoursUpdate" name="test_opening_hours_with_multiple_periods" time="0.071" /><testcase classname="backend.tests.test_bug_fixes.TestMediaUploadAPI" name="test_media_upload_endpoint_exists" time="0.296" /><testcase classname="backend.tests.test_bug_fixes.TestArtistEventDateTimePicker" name="test_create_event_with_datetime" time="0.370" /></testsuite></testsuites>