<?xml version="1.0" encoding="utf-8"?><testsuites name="pytest tests"><testsuite name="pytest" errors="0" failures="0" skipped="0" tests="9" time="7.525" timestamp="2026-02-17T21:50:24.093467+00:00" hostname="agent-env-1759b885-ed3b-4033-9515-d256ff655571"><testcase classname="backend.tests.test_bulk_delete_calls.TestBulkDeleteCallHistory" name="test_get_call_history_returns_array" time="0.966" /><testcase classname="backend.tests.test_bulk_delete_calls.TestBulkDeleteCallHistory" name="test_get_call_history_without_auth_fails" time="0.809" /><testcase classname="backend.tests.test_bulk_delete_calls.TestBulkDeleteCallHistory" name="test_delete_single_call_not_found" time="0.795" /><testcase classname="backend.tests.test_bulk_delete_calls.TestBulkDeleteCallHistory" name="test_delete_single_call_without_auth" time="0.830" /><testcase classname="backend.tests.test_bulk_delete_calls.TestBulkDeleteCallHistory" name="test_bulk_delete_calls_without_auth" time="0.799" /><testcase classname="backend.tests.test_bulk_delete_calls.TestBulkDeleteCallHistory" name="test_bulk_delete_calls_returns_deleted_count" time="0.742" /><testcase classname="backend.tests.test_bulk_delete_calls.TestBulkDeleteCallHistory" name="test_bulk_delete_removes_all_calls" time="1.018" /><testcase classname="backend.tests.test_bulk_delete_calls.TestBulkDeleteCallHistory" name="test_bulk_delete_idempotent" time="0.939" /><testcase classname="backend.tests.test_bulk_delete_calls.TestBulkDeleteIntegration" name="test_endpoint_accessibility" time="0.505" /></testsuite></testsuites>