<?xml version="1.0" encoding="utf-8"?><testsuites name="pytest tests"><testsuite name="pytest" errors="0" failures="0" skipped="0" tests="11" time="2.523" timestamp="2026-02-16T22:49:14.288716+00:00" hostname="agent-env-286ca715-5bac-49e1-b755-5b25f4db4bba"><testcase classname="backend.tests.test_business_categories.TestCategories" name="test_categories_endpoint_returns_list" time="0.259" /><testcase classname="backend.tests.test_business_categories.TestCategories" name="test_categories_returns_8_root_categories" time="0.208" /><testcase classname="backend.tests.test_business_categories.TestCategories" name="test_categories_have_subcategories" time="0.257" /><testcase classname="backend.tests.test_business_categories.TestCategories" name="test_specific_category_subcategories" time="0.158" /><testcase classname="backend.tests.test_business_categories.TestBusinessCreation" name="test_create_business_with_valid_category" time="0.561" /><testcase classname="backend.tests.test_business_categories.TestBusinessCreation" name="test_business_has_enabled_modules" time="0.119" /><testcase classname="backend.tests.test_business_categories.TestBusinessCreationWithSession" name="test_get_my_business" time="0.149" /><testcase classname="backend.tests.test_business_categories.TestBusinessCreationWithSession" name="test_categories_for_business_creation" time="0.145" /><testcase classname="backend.tests.test_business_categories.TestMediaUpload" name="test_media_upload_endpoint_exists" time="0.138" /><testcase classname="backend.tests.test_business_categories.TestBusinessDashboard" name="test_get_business_detail" time="0.268" /><testcase classname="backend.tests.test_business_categories.TestBusinessDashboard" name="test_list_all_businesses" time="0.191" /></testsuite></testsuites>