<?xml version="1.0" encoding="utf-8"?><testsuites name="pytest tests"><testsuite name="pytest" errors="0" failures="0" skipped="0" tests="16" time="3.845" timestamp="2026-02-16T23:06:15.020821+00:00" hostname="agent-env-286ca715-5bac-49e1-b755-5b25f4db4bba"><testcase classname="backend.tests.test_business_locator_fixes.TestBusinessMyEndpoint" name="test_get_my_business_authenticated" time="0.254" /><testcase classname="backend.tests.test_business_locator_fixes.TestBusinessMyEndpoint" name="test_get_my_business_returns_expected_business" time="0.245" /><testcase classname="backend.tests.test_business_locator_fixes.TestNearbyBusinessesEndpoint" name="test_nearby_businesses_requires_coordinates" time="0.187" /><testcase classname="backend.tests.test_business_locator_fixes.TestNearbyBusinessesEndpoint" name="test_nearby_businesses_with_valid_coordinates" time="0.235" /><testcase classname="backend.tests.test_business_locator_fixes.TestNearbyBusinessesEndpoint" name="test_nearby_businesses_with_category_filter" time="0.372" /><testcase classname="backend.tests.test_business_locator_fixes.TestNearbyBusinessesEndpoint" name="test_nearby_businesses_all_categories" time="0.217" /><testcase classname="backend.tests.test_business_locator_fixes.TestCategoryTreeEndpoint" name="test_category_tree_returns_data" time="0.235" /><testcase classname="backend.tests.test_business_locator_fixes.TestCategoryTreeEndpoint" name="test_category_tree_has_8_categories" time="0.131" /><testcase classname="backend.tests.test_business_locator_fixes.TestCategoryTreeEndpoint" name="test_category_tree_structure" time="0.171" /><testcase classname="backend.tests.test_business_locator_fixes.TestBusinessDetailEndpoint" name="test_business_detail_returns_data" time="0.206" /><testcase classname="backend.tests.test_business_locator_fixes.TestBusinessDetailEndpoint" name="test_business_detail_business_structure" time="0.152" /><testcase classname="backend.tests.test_business_locator_fixes.TestBusinessDetailEndpoint" name="test_business_detail_not_found" time="0.128" /><testcase classname="backend.tests.test_business_locator_fixes.TestMediaUploadEndpoint" name="test_media_upload_endpoint_exists" time="0.229" /><testcase classname="backend.tests.test_business_locator_fixes.TestMediaUploadEndpoint" name="test_media_upload_requires_auth" time="0.208" /><testcase classname="backend.tests.test_business_locator_fixes.TestBusinessEndpointIntegration" name="test_full_business_locator_flow" time="0.664" /><testcase classname="backend.tests.test_business_locator_fixes.TestBusinessEndpointIntegration" name="test_profile_business_display_flow" time="0.135" /></testsuite></testsuites>