<?xml version="1.0" encoding="utf-8"?><testsuites name="pytest tests"><testsuite name="pytest" errors="0" failures="0" skipped="1" tests="17" time="4.703" timestamp="2026-02-17T21:31:48.887927+00:00" hostname="agent-env-1759b885-ed3b-4033-9515-d256ff655571"><testcase classname="backend.tests.test_calls_subscriptions_messages.TestCallHistoryAPI" name="test_get_call_history_returns_array" time="0.617" /><testcase classname="backend.tests.test_calls_subscriptions_messages.TestCallHistoryAPI" name="test_get_call_history_without_auth_fails" time="0.166" /><testcase classname="backend.tests.test_calls_subscriptions_messages.TestCallHistoryAPI" name="test_initiate_call_creates_record" time="0.364" /><testcase classname="backend.tests.test_calls_subscriptions_messages.TestCallHistoryAPI" name="test_call_history_contains_other_user_object" time="0.563" /><testcase classname="backend.tests.test_calls_subscriptions_messages.TestCallHistoryAPI" name="test_delete_call_history_success" time="0.206" /><testcase classname="backend.tests.test_calls_subscriptions_messages.TestCallHistoryAPI" name="test_delete_call_history_not_found" time="0.061" /><testcase classname="backend.tests.test_calls_subscriptions_messages.TestCallHistoryAPI" name="test_delete_call_history_without_auth" time="0.185" /><testcase classname="backend.tests.test_calls_subscriptions_messages.TestSubscriptionPlansAPI" name="test_get_subscription_plans_returns_pricing" time="0.225" /><testcase classname="backend.tests.test_calls_subscriptions_messages.TestSubscriptionPlansAPI" name="test_get_subscription_plans_without_auth" time="0.151" /><testcase classname="backend.tests.test_calls_subscriptions_messages.TestSubscriptionCreateAPI" name="test_create_subscription_requires_business" time="0.068" /><testcase classname="backend.tests.test_calls_subscriptions_messages.TestSubscriptionCreateAPI" name="test_create_subscription_with_valid_business" time="0.182"><skipped type="pytest.skip" message="Could not create test business: {&quot;detail&quot;:&quot;Invalid business subcategory&quot;}">/app/backend/tests/test_calls_subscriptions_messages.py:289: Could not create test business: {"detail":"Invalid business subcategory"}</skipped></testcase><testcase classname="backend.tests.test_calls_subscriptions_messages.TestSubscriptionCreateAPI" name="test_create_subscription_without_auth" time="0.231" /><testcase classname="backend.tests.test_calls_subscriptions_messages.TestMessageDeleteAPI" name="test_send_message_to_peer" time="0.063" /><testcase classname="backend.tests.test_calls_subscriptions_messages.TestMessageDeleteAPI" name="test_delete_individual_message" time="0.062" /><testcase classname="backend.tests.test_calls_subscriptions_messages.TestMessageDeleteAPI" name="test_delete_conversation_success" time="0.757" /><testcase classname="backend.tests.test_calls_subscriptions_messages.TestMessageDeleteAPI" name="test_delete_conversation_without_auth" time="0.196" /><testcase classname="backend.tests.test_calls_subscriptions_messages.TestCallHistoryDeleteAuthorization" name="test_delete_others_call_returns_403" time="0.534" /></testsuite></testsuites>