<?xml version="1.0" encoding="utf-8"?><testsuites name="pytest tests"><testsuite name="pytest" errors="0" failures="0" skipped="0" tests="7" time="19.020" timestamp="2026-02-18T17:45:13.856993+00:00" hostname="agent-env-4f35ea4e-b89b-460c-8a37-b0c1b8a13f5b"><testcase classname="backend.tests.test_delete_profiles.TestDeleteEndpoints" name="test_delete_business_endpoint_exists" time="1.785" /><testcase classname="backend.tests.test_delete_profiles.TestDeleteEndpoints" name="test_delete_artist_endpoint_exists" time="1.598" /><testcase classname="backend.tests.test_delete_profiles.TestDeleteEndpoints" name="test_delete_user_account_endpoint_exists" time="3.304" /><testcase classname="backend.tests.test_delete_profiles.TestBusinessDeletionFlow" name="test_create_and_delete_business" time="4.978" /><testcase classname="backend.tests.test_delete_profiles.TestArtistDeletionFlow" name="test_create_and_delete_artist" time="5.137" /><testcase classname="backend.tests.test_delete_profiles.TestUnauthorizedDeletion" name="test_cannot_delete_others_business" time="1.096" /><testcase classname="backend.tests.test_delete_profiles.TestUnauthorizedDeletion" name="test_cannot_delete_others_artist" time="1.060" /></testsuite></testsuites>