<?xml version="1.0" encoding="utf-8"?><testsuites name="pytest tests"><testsuite name="pytest" errors="0" failures="0" skipped="0" tests="15" time="7.301" timestamp="2026-02-17T22:06:27.518205+00:00" hostname="agent-env-1759b885-ed3b-4033-9515-d256ff655571"><testcase classname="backend.tests.test_e2e_predeployment.TestAuthentication" name="test_login_success" time="0.533" /><testcase classname="backend.tests.test_e2e_predeployment.TestAuthentication" name="test_login_invalid_credentials" time="0.160" /><testcase classname="backend.tests.test_e2e_predeployment.TestHomeFeed" name="test_get_events" time="0.499" /><testcase classname="backend.tests.test_e2e_predeployment.TestHomeFeed" name="test_get_artists" time="0.480" /><testcase classname="backend.tests.test_e2e_predeployment.TestHomeFeed" name="test_get_businesses" time="0.581" /><testcase classname="backend.tests.test_e2e_predeployment.TestMessaging" name="test_get_conversations" time="0.488" /><testcase classname="backend.tests.test_e2e_predeployment.TestMessaging" name="test_get_unread_count" time="0.491" /><testcase classname="backend.tests.test_e2e_predeployment.TestCallHistory" name="test_get_call_history" time="0.495" /><testcase classname="backend.tests.test_e2e_predeployment.TestCallHistory" name="test_get_call_history_without_auth" time="0.130" /><testcase classname="backend.tests.test_e2e_predeployment.TestCallHistory" name="test_delete_all_calls_endpoint_exists" time="0.497" /><testcase classname="backend.tests.test_e2e_predeployment.TestSubscriptions" name="test_get_subscription_plans" time="0.769" /><testcase classname="backend.tests.test_e2e_predeployment.TestProfile" name="test_get_current_user" time="0.518" /><testcase classname="backend.tests.test_e2e_predeployment.TestProfile" name="test_get_user_businesses" time="0.454" /><testcase classname="backend.tests.test_e2e_predeployment.TestBusinessLocator" name="test_get_businesses_with_location" time="0.597" /><testcase classname="backend.tests.test_e2e_predeployment.TestBusinessLocator" name="test_get_business_categories" time="0.546" /></testsuite></testsuites>