<?xml version="1.0" encoding="utf-8"?><testsuites name="pytest tests"><testsuite name="pytest" errors="0" failures="0" skipped="0" tests="8" time="1.323" timestamp="2026-02-12T10:55:53.371564+00:00" hostname="agent-env-40959e1b-6ca7-4ae9-9b57-21b5e4672780"><testcase classname="backend.tests.test_event_features.TestEventFeatures" name="test_get_events_list" time="0.322" /><testcase classname="backend.tests.test_event_features.TestEventFeatures" name="test_event_detail_returns_valid_data" time="0.030" /><testcase classname="backend.tests.test_event_features.TestEventFeatures" name="test_event_detail_404_for_invalid_id" time="0.010" /><testcase classname="backend.tests.test_event_features.TestEventFeatures" name="test_event_messages_list" time="0.063" /><testcase classname="backend.tests.test_event_features.TestEventFeatures" name="test_event_messages_send_and_verify" time="0.073" /><testcase classname="backend.tests.test_event_features.TestEventFeatures" name="test_events_have_required_fields_for_navigation" time="0.010" /><testcase classname="backend.tests.test_event_features.TestHomeFeedEvents" name="test_home_feed_returns_events" time="0.492" /><testcase classname="backend.tests.test_event_features.TestCalendarModalEvents" name="test_events_for_calendar_display" time="0.270" /></testsuite></testsuites>