<?xml version="1.0" encoding="utf-8"?><testsuites name="pytest tests"><testsuite name="pytest" errors="0" failures="0" skipped="1" tests="11" time="1.619" timestamp="2026-02-16T08:01:37.927284+00:00" hostname="agent-env-d93e9514-c62c-4ea0-aabe-125d448f5eda"><testcase classname="tests.test_fan_gallery.TestBusinessFanGalleryAPI" name="test_get_business_fan_gallery_endpoint" time="0.587" /><testcase classname="tests.test_fan_gallery.TestBusinessFanGalleryAPI" name="test_get_business_fan_gallery_invalid_id" time="0.060" /><testcase classname="tests.test_fan_gallery.TestBusinessFanGalleryAPI" name="test_hide_fan_gallery_post_requires_owner" time="0.057" /><testcase classname="tests.test_fan_gallery.TestArtistFanGalleryAPI" name="test_get_artist_fan_gallery_endpoint" time="0.068"><skipped type="pytest.skip" message="No artist profile exists for this user">/app/backend/tests/test_fan_gallery.py:154: No artist profile exists for this user</skipped></testcase><testcase classname="tests.test_fan_gallery.TestArtistFanGalleryAPI" name="test_get_artist_fan_gallery_invalid_id" time="0.058" /><testcase classname="tests.test_fan_gallery.TestBusinessMediaGallery" name="test_get_business_detail_includes_gallery" time="0.060" /><testcase classname="tests.test_fan_gallery.TestBusinessMediaGallery" name="test_update_business_gallery_images" time="0.082" /><testcase classname="tests.test_fan_gallery.TestBusinessMediaGallery" name="test_update_business_gallery_videos" time="0.054" /><testcase classname="tests.test_fan_gallery.TestFanGalleryHideUnhideFlow" name="test_create_tagged_post_and_hide" time="0.416" /><testcase classname="tests.test_fan_gallery.TestAPIAuthentication" name="test_fan_gallery_requires_auth" time="0.058" /><testcase classname="tests.test_fan_gallery.TestAPIAuthentication" name="test_hide_requires_auth" time="0.058" /></testsuite></testsuites>