<?xml version="1.0" encoding="utf-8"?><testsuites name="pytest tests"><testsuite name="pytest" errors="0" failures="0" skipped="1" tests="28" time="16.106" timestamp="2026-03-05T16:29:10.842914+00:00" hostname="agent-env-c6f383a8-51a9-4ebc-b283-034d14988774"><testcase classname="backend.tests.test_friend_messages_stories_api.TestFriendRequestsAPI" name="test_get_received_requests" time="1.200" /><testcase classname="backend.tests.test_friend_messages_stories_api.TestFriendRequestsAPI" name="test_get_sent_requests" time="0.566" /><testcase classname="backend.tests.test_friend_messages_stories_api.TestFriendRequestsAPI" name="test_get_pending_request_count" time="0.438" /><testcase classname="backend.tests.test_friend_messages_stories_api.TestFriendRequestsAPI" name="test_send_friend_request_to_self_fails" time="0.001"><skipped type="pytest.skip" message="User ID not available">/app/backend/tests/test_friend_messages_stories_api.py:95: User ID not available</skipped></testcase><testcase classname="backend.tests.test_friend_messages_stories_api.TestFriendRequestsAPI" name="test_send_friend_request_to_nonexistent_user" time="0.457" /><testcase classname="backend.tests.test_friend_messages_stories_api.TestFriendRequestsAPI" name="test_get_friendship_status" time="0.560" /><testcase classname="backend.tests.test_friend_messages_stories_api.TestMessagesAPI" name="test_list_conversations" time="0.582" /><testcase classname="backend.tests.test_friend_messages_stories_api.TestMessagesAPI" name="test_get_unread_count" time="0.456" /><testcase classname="backend.tests.test_friend_messages_stories_api.TestMessagesAPI" name="test_typing_status_endpoint" time="0.616" /><testcase classname="backend.tests.test_friend_messages_stories_api.TestMessagesAPI" name="test_get_typing_status" time="0.435" /><testcase classname="backend.tests.test_friend_messages_stories_api.TestMessagesAPI" name="test_send_message_to_non_friend_fails" time="0.486" /><testcase classname="backend.tests.test_friend_messages_stories_api.TestMessagesAPI" name="test_media_message_endpoint_structure" time="0.342" /><testcase classname="backend.tests.test_friend_messages_stories_api.TestContactsAPI" name="test_get_referral_code" time="0.481" /><testcase classname="backend.tests.test_friend_messages_stories_api.TestContactsAPI" name="test_check_contacts_empty" time="0.341" /><testcase classname="backend.tests.test_friend_messages_stories_api.TestContactsAPI" name="test_check_contacts_with_data" time="0.450" /><testcase classname="backend.tests.test_friend_messages_stories_api.TestContactsAPI" name="test_get_my_invites" time="0.440" /><testcase classname="backend.tests.test_friend_messages_stories_api.TestContactsAPI" name="test_apply_referral_code_self_fails" time="0.981" /><testcase classname="backend.tests.test_friend_messages_stories_api.TestStoriesAPI" name="test_list_stories" time="0.558" /><testcase classname="backend.tests.test_friend_messages_stories_api.TestStoriesAPI" name="test_list_grouped_stories" time="0.568" /><testcase classname="backend.tests.test_friend_messages_stories_api.TestStoriesAPI" name="test_create_story" time="0.525" /><testcase classname="backend.tests.test_friend_messages_stories_api.TestStoriesAPI" name="test_get_story_reactions" time="0.606" /><testcase classname="backend.tests.test_friend_messages_stories_api.TestStoriesAPI" name="test_react_to_story" time="0.701" /><testcase classname="backend.tests.test_friend_messages_stories_api.TestStoriesAPI" name="test_react_to_story_invalid_reaction" time="0.340" /><testcase classname="backend.tests.test_friend_messages_stories_api.TestStoriesAPI" name="test_remove_story_reaction" time="0.443" /><testcase classname="backend.tests.test_friend_messages_stories_api.TestStoriesAPI" name="test_delete_story" time="0.553" /><testcase classname="backend.tests.test_friend_messages_stories_api.TestStoryHighlightsAPI" name="test_get_my_highlights" time="0.454" /><testcase classname="backend.tests.test_friend_messages_stories_api.TestStoryHighlightsAPI" name="test_get_user_highlights" time="0.445" /><testcase classname="backend.tests.test_friend_messages_stories_api.TestFriendRequestWorkflow" name="test_full_friend_request_flow" time="1.832" /></testsuite></testsuites>