<?xml version="1.0" encoding="utf-8"?><testsuites name="pytest tests"><testsuite name="pytest" errors="0" failures="0" skipped="1" tests="16" time="9.579" timestamp="2026-02-18T11:48:09.428521+00:00" hostname="agent-env-555a066b-ad1c-4a48-8ccc-fe1d82c83bf2"><testcase classname="backend.tests.test_home_feed_artists_fix.TestHomeFeedArtistsFix" name="test_home_feed_returns_artists_array" time="1.462" /><testcase classname="backend.tests.test_home_feed_artists_fix.TestHomeFeedArtistsFix" name="test_home_feed_artist_response_structure" time="1.138" /><testcase classname="backend.tests.test_home_feed_artists_fix.TestHomeFeedArtistsFix" name="test_home_feed_with_location_params" time="1.014" /><testcase classname="backend.tests.test_home_feed_artists_fix.TestUserPublicProfileAPI" name="test_get_user_public_profile_success" time="0.663" /><testcase classname="backend.tests.test_home_feed_artists_fix.TestUserPublicProfileAPI" name="test_get_user_public_profile_invalid_id" time="0.465" /><testcase classname="backend.tests.test_home_feed_artists_fix.TestBusinessDetailAPI" name="test_get_businesses_list" time="0.452" /><testcase classname="backend.tests.test_home_feed_artists_fix.TestBusinessDetailAPI" name="test_get_business_detail_if_exists" time="0.495"><skipped type="pytest.skip" message="No businesses in database to test">/app/backend/tests/test_home_feed_artists_fix.py:147: No businesses in database to test</skipped></testcase><testcase classname="backend.tests.test_home_feed_artists_fix.TestBusinessDetailAPI" name="test_get_business_detail_invalid_id" time="0.465" /><testcase classname="backend.tests.test_home_feed_artists_fix.TestArtistDetailAPI" name="test_get_artists_list" time="0.451" /><testcase classname="backend.tests.test_home_feed_artists_fix.TestArtistDetailAPI" name="test_get_artist_detail_if_exists" time="1.014" /><testcase classname="backend.tests.test_home_feed_artists_fix.TestArtistDetailAPI" name="test_get_artist_detail_invalid_id" time="0.446" /><testcase classname="backend.tests.test_home_feed_artists_fix.TestCommonFriendsAPI" name="test_common_friends_with_correct_param" time="0.554" /><testcase classname="backend.tests.test_home_feed_artists_fix.TestCommonFriendsAPI" name="test_common_friends_with_wrong_param_fails" time="0.325" /><testcase classname="backend.tests.test_home_feed_artists_fix.TestCategoryTranslations" name="test_category_tree_returns_slugs" time="0.106" /><testcase classname="backend.tests.test_home_feed_artists_fix.TestCategoryTranslations" name="test_categories_endpoint" time="0.103" /><testcase classname="backend.tests.test_home_feed_artists_fix.TestErrorHandlingSerialization" name="test_validation_error_returns_proper_json" time="0.342" /></testsuite></testsuites>