<?xml version="1.0" encoding="utf-8"?><testsuites name="pytest tests"><testsuite name="pytest" errors="0" failures="0" skipped="0" tests="7" time="5.449" timestamp="2026-02-19T08:57:37.327224+00:00" hostname="agent-env-e6083afd-df3a-410a-ba74-80cd7d5f0b23"><testcase classname="tests.test_jobs_api.TestJobsAPI" name="test_get_jobs_list" time="0.645" /><testcase classname="tests.test_jobs_api.TestJobsAPI" name="test_get_jobs_with_category_filter" time="0.473" /><testcase classname="tests.test_jobs_api.TestJobsAPI" name="test_get_specific_job" time="0.539" /><testcase classname="tests.test_jobs_api.TestJobsAPI" name="test_get_my_jobs" time="0.541" /><testcase classname="tests.test_jobs_api.TestJobsAPI" name="test_create_job_without_business" time="0.582" /><testcase classname="tests.test_jobs_api.TestJobsAPI" name="test_apply_to_job" time="1.023" /><testcase classname="tests.test_jobs_api.TestJobsAPIIntegration" name="test_full_jobs_flow" time="1.566" /></testsuite></testsuites>