<?xml version="1.0" encoding="utf-8"?><testsuites name="pytest tests"><testsuite name="pytest" errors="0" failures="0" skipped="7" tests="75" time="13.895" timestamp="2026-02-13T03:07:58.879195+00:00" hostname="agent-env-4554745f-edae-4b2f-99e0-c8021a4c3954"><testcase classname="tests.test_attendance.TestUserAttendanceAPI" name="test_attendance_endpoint_structure" time="0.297" /><testcase classname="tests.test_attendance.TestUserAttendanceAPI" name="test_attendance_for_nonexistent_user" time="0.278" /><testcase classname="tests.test_attendance.TestUserAttendanceAPI" name="test_attendance_requires_auth" time="0.041" /><testcase classname="tests.test_attendance.TestUserAttendanceAPI" name="test_attendance_shows_created_activities" time="0.337" /><testcase classname="tests.test_attendance.TestUserAttendanceAPI" name="test_activity_response_structure" time="0.345" /><testcase classname="tests.test_attendance.TestUserAttendanceAPI" name="test_attendance_for_other_user" time="0.560" /><testcase classname="tests.test_attendance.TestBusinessOwnerEvents" name="test_event_response_structure" time="0.483" /><testcase classname="tests.test_attendance.TestAPIIntegration" name="test_full_attendance_flow" time="0.311" /><testcase classname="tests.test_backend_api.TestHealthCheck" name="test_api_root" time="0.272" /><testcase classname="tests.test_backend_api.TestAuthentication" name="test_auth_me_with_token" time="0.052" /><testcase classname="tests.test_backend_api.TestAuthentication" name="test_auth_me_without_token" time="0.036" /><testcase classname="tests.test_backend_api.TestHomeFeed" name="test_home_feed_without_location" time="0.238" /><testcase classname="tests.test_backend_api.TestHomeFeed" name="test_home_feed_with_location" time="0.211" /><testcase classname="tests.test_backend_api.TestHomeFeed" name="test_home_feed_with_custom_radius" time="0.485" /><testcase classname="tests.test_backend_api.TestArtistProfile" name="test_create_artist_with_town_geocoding" time="0.014" /><testcase classname="tests.test_backend_api.TestArtistProfile" name="test_get_my_artist" time="0.014" /><testcase classname="tests.test_backend_api.TestArtistProfile" name="test_list_artists" time="0.042" /><testcase classname="tests.test_backend_api.TestArtistProfile" name="test_update_artist_town_triggers_geocoding" time="0.154" /><testcase classname="tests.test_backend_api.TestBusinessLocation" name="test_get_businesses" time="0.018" /><testcase classname="tests.test_backend_api.TestBusinessLocation" name="test_get_my_business" time="0.016" /><testcase classname="tests.test_backend_api.TestBusinessLocation" name="test_get_nearby_businesses" time="0.015" /><testcase classname="tests.test_backend_api.TestBusinessLocation" name="test_create_business_with_location" time="0.015" /><testcase classname="tests.test_backend_api.TestBusinessLocation" name="test_update_business_location" time="0.073" /><testcase classname="tests.test_backend_api.TestEvents" name="test_list_events" time="0.012" /><testcase classname="tests.test_backend_api.TestEvents" name="test_create_event_with_datetime" time="0.088" /><testcase classname="tests.test_backend_api.TestEvents" name="test_update_event_datetime" time="0.040" /><testcase classname="tests.test_backend_api.TestUserProfile" name="test_get_profile_me" time="0.011" /><testcase classname="tests.test_backend_api.TestUserProfile" name="test_search_users" time="0.013" /><testcase classname="tests.test_backend_api.TestUserProfile" name="test_get_friends_list" time="0.012" /><testcase classname="tests.test_backend_api.TestUserProfile" name="test_get_user_public_profile" time="0.067" /><testcase classname="tests.test_backend_api.TestUserProfile" name="test_get_conversations" time="0.012" /><testcase classname="tests.test_backend_api.TestUserProfile" name="test_send_message_to_self" time="0.033" /><testcase classname="tests.test_backend_api.TestUserProfile" name="test_get_messages_with_user" time="0.064" /><testcase classname="tests.test_backend_api.TestActivities" name="test_list_activities" time="0.012" /><testcase classname="tests.test_backend_api.TestActivities" name="test_create_activity_with_datetime_and_location" time="0.103" /><testcase classname="tests.test_bug_fixes.TestCategoryTreeAPI" name="test_category_tree_returns_data" time="0.323" /><testcase classname="tests.test_bug_fixes.TestCategoryTreeAPI" name="test_category_tree_expected_categories" time="0.040" /><testcase classname="tests.test_bug_fixes.TestBusinessCategoryUpdate" name="test_update_business_category" time="0.331" /><testcase classname="tests.test_bug_fixes.TestBusinessCategoryUpdate" name="test_update_business_invalid_subcategory" time="0.042" /><testcase classname="tests.test_bug_fixes.TestBusinessCategoryUpdate" name="test_update_business_mismatched_category" time="0.033" /><testcase classname="tests.test_bug_fixes.TestOpeningHoursUpdate" name="test_save_opening_hours" time="0.374" /><testcase classname="tests.test_bug_fixes.TestOpeningHoursUpdate" name="test_opening_hours_with_multiple_periods" time="0.077" /><testcase classname="tests.test_bug_fixes.TestMediaUploadAPI" name="test_media_upload_endpoint_exists" time="0.295" /><testcase classname="tests.test_bug_fixes.TestArtistEventDateTimePicker" name="test_create_event_with_datetime" time="0.386" /><testcase classname="tests.test_event_features.TestEventFeatures" name="test_get_events_list" time="0.351" /><testcase classname="tests.test_event_features.TestEventFeatures" name="test_event_detail_returns_valid_data" time="0.010"><skipped type="pytest.skip" message="No events available to test event detail">/app/backend/tests/test_event_features.py:69: No events available to test event detail</skipped></testcase><testcase classname="tests.test_event_features.TestEventFeatures" name="test_event_detail_404_for_invalid_id" time="0.009" /><testcase classname="tests.test_event_features.TestEventFeatures" name="test_event_messages_list" time="0.050"><skipped type="pytest.skip" message="No events available to test messages">/app/backend/tests/test_event_features.py:110: No events available to test messages</skipped></testcase><testcase classname="tests.test_event_features.TestEventFeatures" name="test_event_messages_send_and_verify" time="0.010"><skipped type="pytest.skip" message="No events available to test messages">/app/backend/tests/test_event_features.py:127: No events available to test messages</skipped></testcase><testcase classname="tests.test_event_features.TestEventFeatures" name="test_events_have_required_fields_for_navigation" time="0.010"><skipped type="pytest.skip" message="No events to verify">/app/backend/tests/test_event_features.py:165: No events to verify</skipped></testcase><testcase classname="tests.test_event_features.TestHomeFeedEvents" name="test_home_feed_returns_events" time="0.469" /><testcase classname="tests.test_event_features.TestCalendarModalEvents" name="test_events_for_calendar_display" time="0.279"><skipped type="pytest.skip" message="No events for calendar test">/app/backend/tests/test_event_features.py:276: No events for calendar test</skipped></testcase><testcase classname="tests.test_media_and_location.TestMediaUpload" name="test_media_upload_endpoint_exists" time="0.297" /><testcase classname="tests.test_media_and_location.TestMediaUpload" name="test_upload_image_with_resource_type" time="0.857" /><testcase classname="tests.test_media_and_location.TestMediaUpload" name="test_upload_with_default_resource_type" time="0.624" /><testcase classname="tests.test_media_and_location.TestMediaUpload" name="test_upload_video_resource_type" time="1.167" /><testcase classname="tests.test_media_and_location.TestMediaUpload" name="test_upload_requires_authentication" time="0.055" /><testcase classname="tests.test_media_and_location.TestMediaUpload" name="test_upload_empty_file_returns_error" time="0.041" /><testcase classname="tests.test_media_and_location.TestHomeFeedLocation" name="test_home_feed_without_location" time="0.207" /><testcase classname="tests.test_media_and_location.TestHomeFeedLocation" name="test_home_feed_with_10km_location" time="0.214" /><testcase classname="tests.test_media_and_location.TestHomeFeedLocation" name="test_home_feed_custom_radius" time="0.375" /><testcase classname="tests.test_media_and_location.TestArtistGeocoding" name="test_artist_town_geocoding" time="0.011" /><testcase classname="tests.test_media_and_location.TestArtistGeocoding" name="test_artist_update_town_geocoding" time="0.101" /><testcase classname="tests.test_media_and_location.TestBusinessLocation" name="test_business_location_update" time="0.021" /><testcase classname="tests.test_media_and_location.TestBusinessLocation" name="test_nearby_businesses_api" time="0.012" /><testcase classname="tests.test_media_and_location.TestEventDateTime" name="test_create_event_with_datetime" time="0.113" /><testcase classname="tests.test_media_and_location.TestUserMessaging" name="test_send_message" time="0.062" /><testcase classname="tests.test_media_and_location.TestUserMessaging" name="test_get_conversations" time="0.052" /><testcase classname="tests.test_media_and_location.TestUserMessaging" name="test_send_message_by_email" time="0.124" /><testcase classname="tests.test_video_upload_and_locator.TestVideoUploadAPI" name="test_media_upload_endpoint_exists" time="0.866" /><testcase classname="tests.test_video_upload_and_locator.TestVideoUploadAPI" name="test_media_upload_with_resource_type_image" time="0.328" /><testcase classname="tests.test_video_upload_and_locator.TestBusinessLocator" name="test_own_business_in_nearby_search" time="0.129"><skipped type="pytest.skip" message="Could not create/get test business: {&quot;detail&quot;:&quot;Method Not Allowed&quot;}">/app/backend/tests/test_video_upload_and_locator.py:141: Could not create/get test business: {"detail":"Method Not Allowed"}</skipped></testcase><testcase classname="tests.test_video_upload_and_locator.TestBusinessLocator" name="test_own_business_visible_without_active_subscription" time="0.107"><skipped type="pytest.skip" message="Could not create/get test business: {&quot;detail&quot;:&quot;Method Not Allowed&quot;}">/app/backend/tests/test_video_upload_and_locator.py:169: Could not create/get test business: {"detail":"Method Not Allowed"}</skipped></testcase><testcase classname="tests.test_video_upload_and_locator.TestUserProfileLocation" name="test_update_user_location" time="0.037" /><testcase classname="tests.test_video_upload_and_locator.TestUserProfileLocation" name="test_get_user_with_location" time="0.037" /></testsuite></testsuites>