<?xml version="1.0" encoding="utf-8"?><testsuites name="pytest tests"><testsuite name="pytest" errors="0" failures="0" skipped="0" tests="17" time="3.510" timestamp="2026-02-12T13:13:32.586261+00:00" hostname="agent-env-1f53ba3e-5ea8-441f-a0de-e74be1dab555"><testcase classname="backend.tests.test_media_and_location.TestMediaUpload" name="test_media_upload_endpoint_exists" time="0.357" /><testcase classname="backend.tests.test_media_and_location.TestMediaUpload" name="test_upload_image_with_resource_type" time="0.842" /><testcase classname="backend.tests.test_media_and_location.TestMediaUpload" name="test_upload_with_default_resource_type" time="0.597" /><testcase classname="backend.tests.test_media_and_location.TestMediaUpload" name="test_upload_video_resource_type" time="0.294" /><testcase classname="backend.tests.test_media_and_location.TestMediaUpload" name="test_upload_requires_authentication" time="0.035" /><testcase classname="backend.tests.test_media_and_location.TestMediaUpload" name="test_upload_empty_file_returns_error" time="0.075" /><testcase classname="backend.tests.test_media_and_location.TestHomeFeedLocation" name="test_home_feed_without_location" time="0.171" /><testcase classname="backend.tests.test_media_and_location.TestHomeFeedLocation" name="test_home_feed_with_10km_location" time="0.184" /><testcase classname="backend.tests.test_media_and_location.TestHomeFeedLocation" name="test_home_feed_custom_radius" time="0.262" /><testcase classname="backend.tests.test_media_and_location.TestArtistGeocoding" name="test_artist_town_geocoding" time="0.012" /><testcase classname="backend.tests.test_media_and_location.TestArtistGeocoding" name="test_artist_update_town_geocoding" time="0.256" /><testcase classname="backend.tests.test_media_and_location.TestBusinessLocation" name="test_business_location_update" time="0.010" /><testcase classname="backend.tests.test_media_and_location.TestBusinessLocation" name="test_nearby_businesses_api" time="0.013" /><testcase classname="backend.tests.test_media_and_location.TestEventDateTime" name="test_create_event_with_datetime" time="0.079" /><testcase classname="backend.tests.test_media_and_location.TestUserMessaging" name="test_send_message" time="0.027" /><testcase classname="backend.tests.test_media_and_location.TestUserMessaging" name="test_get_conversations" time="0.018" /><testcase classname="backend.tests.test_media_and_location.TestUserMessaging" name="test_send_message_by_email" time="0.134" /></testsuite></testsuites>