<?xml version="1.0" encoding="utf-8"?><testsuites name="pytest tests"><testsuite name="pytest" errors="0" failures="0" skipped="0" tests="17" time="3.059" timestamp="2026-02-12T09:51:02.379368+00:00" hostname="agent-env-9238a75e-27d5-4042-8476-5db5bb75f84b"><testcase classname="backend.tests.test_media_and_location.TestMediaUpload" name="test_media_upload_endpoint_exists" time="0.365" /><testcase classname="backend.tests.test_media_and_location.TestMediaUpload" name="test_upload_image_with_resource_type" time="0.611" /><testcase classname="backend.tests.test_media_and_location.TestMediaUpload" name="test_upload_with_default_resource_type" time="0.376" /><testcase classname="backend.tests.test_media_and_location.TestMediaUpload" name="test_upload_video_resource_type" time="0.207" /><testcase classname="backend.tests.test_media_and_location.TestMediaUpload" name="test_upload_requires_authentication" time="0.034" /><testcase classname="backend.tests.test_media_and_location.TestMediaUpload" name="test_upload_empty_file_returns_error" time="0.038" /><testcase classname="backend.tests.test_media_and_location.TestHomeFeedLocation" name="test_home_feed_without_location" time="0.228" /><testcase classname="backend.tests.test_media_and_location.TestHomeFeedLocation" name="test_home_feed_with_10km_location" time="0.217" /><testcase classname="backend.tests.test_media_and_location.TestHomeFeedLocation" name="test_home_feed_custom_radius" time="0.352" /><testcase classname="backend.tests.test_media_and_location.TestArtistGeocoding" name="test_artist_town_geocoding" time="0.009" /><testcase classname="backend.tests.test_media_and_location.TestArtistGeocoding" name="test_artist_update_town_geocoding" time="0.203" /><testcase classname="backend.tests.test_media_and_location.TestBusinessLocation" name="test_business_location_update" time="0.009" /><testcase classname="backend.tests.test_media_and_location.TestBusinessLocation" name="test_nearby_businesses_api" time="0.009" /><testcase classname="backend.tests.test_media_and_location.TestEventDateTime" name="test_create_event_with_datetime" time="0.106" /><testcase classname="backend.tests.test_media_and_location.TestUserMessaging" name="test_send_message" time="0.058" /><testcase classname="backend.tests.test_media_and_location.TestUserMessaging" name="test_get_conversations" time="0.052" /><testcase classname="backend.tests.test_media_and_location.TestUserMessaging" name="test_send_message_by_email" time="0.113" /></testsuite></testsuites>