<?xml version="1.0" encoding="utf-8"?><testsuites name="pytest tests"><testsuite name="pytest" errors="0" failures="0" skipped="0" tests="12" time="11.932" timestamp="2026-02-13T10:08:37.166019+00:00" hostname="agent-env-4554745f-edae-4b2f-99e0-c8021a4c3954"><testcase classname="backend.tests.test_message_badges.TestMessageBadges" name="test_unread_count_returns_zero_initially" time="0.909" /><testcase classname="backend.tests.test_message_badges.TestMessageBadges" name="test_unread_count_increments_after_receiving_message" time="0.863" /><testcase classname="backend.tests.test_message_badges.TestMessageBadges" name="test_unread_count_accumulates_multiple_messages" time="0.989" /><testcase classname="backend.tests.test_message_badges.TestMessageBadges" name="test_mark_messages_read_success" time="0.999" /><testcase classname="backend.tests.test_message_badges.TestMessageBadges" name="test_mark_read_returns_zero_when_no_unread" time="1.190" /><testcase classname="backend.tests.test_message_badges.TestMessageBadges" name="test_unread_count_requires_authentication" time="0.899" /><testcase classname="backend.tests.test_message_badges.TestMessageBadges" name="test_mark_read_requires_authentication" time="0.743" /><testcase classname="backend.tests.test_message_badges.TestMessageBadges" name="test_count_only_for_messages_to_current_user" time="1.073" /><testcase classname="backend.tests.test_message_badges.TestMultiUserBadge" name="test_unread_count_from_multiple_senders" time="1.521" /><testcase classname="backend.tests.test_message_badges.TestMultiUserBadge" name="test_mark_read_only_marks_specific_sender" time="1.320" /><testcase classname="backend.tests.test_message_badges.TestBadgeEndpointEdgeCases" name="test_mark_read_with_invalid_user_id" time="0.422" /><testcase classname="backend.tests.test_message_badges.TestBadgeEndpointEdgeCases" name="test_marking_already_read_messages" time="0.941" /></testsuite></testsuites>