<?xml version="1.0" encoding="utf-8"?><testsuites name="pytest tests"><testsuite name="pytest" errors="0" failures="0" skipped="0" tests="12" time="6.758" timestamp="2026-02-18T11:19:02.328243+00:00" hostname="agent-env-555a066b-ad1c-4a48-8ccc-fe1d82c83bf2"><testcase classname="backend.tests.test_message_edit_and_profiles.TestMessageEditing" name="test_send_message_success" time="0.578" /><testcase classname="backend.tests.test_message_edit_and_profiles.TestMessageEditing" name="test_edit_message_success" time="1.163" /><testcase classname="backend.tests.test_message_edit_and_profiles.TestMessageEditing" name="test_edit_message_not_found" time="0.440" /><testcase classname="backend.tests.test_message_edit_and_profiles.TestMessageEditing" name="test_delete_message_success" time="1.005" /><testcase classname="backend.tests.test_message_edit_and_profiles.TestPublicProfileErrorHandling" name="test_user_public_profile_not_found" time="0.441" /><testcase classname="backend.tests.test_message_edit_and_profiles.TestPublicProfileErrorHandling" name="test_user_public_profile_success" time="0.667" /><testcase classname="backend.tests.test_message_edit_and_profiles.TestPublicProfileErrorHandling" name="test_business_profile_not_found" time="0.440" /><testcase classname="backend.tests.test_message_edit_and_profiles.TestPublicProfileErrorHandling" name="test_artist_profile_not_found" time="0.439" /><testcase classname="backend.tests.test_message_edit_and_profiles.TestCategoryTree" name="test_get_category_tree" time="0.129" /><testcase classname="backend.tests.test_message_edit_and_profiles.TestCategoryTree" name="test_nearby_businesses_with_categories" time="0.433" /><testcase classname="backend.tests.test_message_edit_and_profiles.TestAPIHealth" name="test_auth_me_endpoint" time="0.338" /><testcase classname="backend.tests.test_message_edit_and_profiles.TestAPIHealth" name="test_conversations_endpoint" time="0.561" /></testsuite></testsuites>