<?xml version="1.0" encoding="utf-8"?><testsuites name="pytest tests"><testsuite name="pytest" errors="0" failures="0" skipped="0" tests="12" time="13.711" timestamp="2026-03-04T15:43:18.153001+00:00" hostname="agent-env-fbdbd21a-4ce0-480a-bfb3-fde14d1c592c"><testcase classname="backend.tests.test_music_and_profiles_api.TestMusicAPI" name="test_music_featured_returns_fallback_tracks" time="0.272" /><testcase classname="backend.tests.test_music_and_profiles_api.TestMusicAPI" name="test_music_search_returns_tracks" time="0.143" /><testcase classname="backend.tests.test_music_and_profiles_api.TestMusicAPI" name="test_music_genres_endpoint" time="0.104" /><testcase classname="backend.tests.test_music_and_profiles_api.TestMusicAPI" name="test_music_moods_endpoint" time="0.120" /><testcase classname="backend.tests.test_music_and_profiles_api.TestAuthAPI" name="test_login_returns_user_with_gallery_items" time="0.578" /><testcase classname="backend.tests.test_music_and_profiles_api.TestAuthAPI" name="test_auth_me_returns_user_with_gallery_items" time="0.919" /><testcase classname="backend.tests.test_music_and_profiles_api.TestPostsAPI" name="test_create_text_post" time="1.645" /><testcase classname="backend.tests.test_music_and_profiles_api.TestPostsAPI" name="test_create_post_then_get" time="2.404" /><testcase classname="backend.tests.test_music_and_profiles_api.TestGalleryAPI" name="test_add_image_to_gallery" time="1.937" /><testcase classname="backend.tests.test_music_and_profiles_api.TestGalleryAPI" name="test_add_and_remove_gallery_image" time="2.018" /><testcase classname="backend.tests.test_music_and_profiles_api.TestGalleryAPI" name="test_gallery_update_verify_via_auth_me" time="2.343" /><testcase classname="backend.tests.test_music_and_profiles_api.TestPostsListAPI" name="test_list_posts_pagination" time="1.122" /></testsuite></testsuites>