<?xml version="1.0" encoding="utf-8"?><testsuites name="pytest tests"><testsuite name="pytest" errors="0" failures="0" skipped="1" tests="13" time="6.227" timestamp="2026-02-18T11:32:50.340342+00:00" hostname="agent-env-555a066b-ad1c-4a48-8ccc-fe1d82c83bf2"><testcase classname="backend.tests.test_profile_common_friends_fix.TestCommonFriendsAPI" name="test_common_friends_with_other_user_id_parameter" time="0.717" /><testcase classname="backend.tests.test_profile_common_friends_fix.TestCommonFriendsAPI" name="test_common_friends_missing_other_user_id" time="0.329" /><testcase classname="backend.tests.test_profile_common_friends_fix.TestCommonFriendsAPI" name="test_common_friends_with_invalid_user_id" time="0.464" /><testcase classname="backend.tests.test_profile_common_friends_fix.TestUserPublicProfile" name="test_get_user_public_profile" time="0.692" /><testcase classname="backend.tests.test_profile_common_friends_fix.TestUserPublicProfile" name="test_get_invalid_user_profile" time="0.463" /><testcase classname="backend.tests.test_profile_common_friends_fix.TestBusinessDetail" name="test_get_business_list_first" time="0.471" /><testcase classname="backend.tests.test_profile_common_friends_fix.TestBusinessDetail" name="test_get_business_detail" time="0.440"><skipped type="pytest.skip" message="No businesses available to test">/app/backend/tests/test_profile_common_friends_fix.py:143: No businesses available to test</skipped></testcase><testcase classname="backend.tests.test_profile_common_friends_fix.TestBusinessDetail" name="test_get_invalid_business_detail" time="0.437" /><testcase classname="backend.tests.test_profile_common_friends_fix.TestArtistDetail" name="test_get_artist_detail" time="1.027" /><testcase classname="backend.tests.test_profile_common_friends_fix.TestArtistDetail" name="test_get_invalid_artist_detail" time="0.451" /><testcase classname="backend.tests.test_profile_common_friends_fix.TestCategoryTree" name="test_get_category_tree" time="0.113" /><testcase classname="backend.tests.test_profile_common_friends_fix.TestCategoryTree" name="test_category_tree_slug_format" time="0.108" /><testcase classname="backend.tests.test_profile_common_friends_fix.TestMyFriends" name="test_get_my_friends" time="0.444" /></testsuite></testsuites>