<?xml version="1.0" encoding="utf-8"?><testsuites name="pytest tests"><testsuite name="pytest" errors="0" failures="0" skipped="0" tests="19" time="10.964" timestamp="2026-02-13T09:57:33.818235+00:00" hostname="agent-env-4554745f-edae-4b2f-99e0-c8021a4c3954"><testcase classname="tests.test_push_notifications.TestPushTokenRegistration" name="test_register_push_token_success" time="0.520" /><testcase classname="tests.test_push_notifications.TestPushTokenRegistration" name="test_register_push_token_ios_platform" time="0.426" /><testcase classname="tests.test_push_notifications.TestPushTokenRegistration" name="test_register_push_token_update_existing" time="0.554" /><testcase classname="tests.test_push_notifications.TestPushTokenRegistration" name="test_register_push_token_unauthorized" time="0.130" /><testcase classname="tests.test_push_notifications.TestPushTokenUnregister" name="test_unregister_push_token_success" time="0.519" /><testcase classname="tests.test_push_notifications.TestPushTokenUnregister" name="test_unregister_push_token_unauthorized" time="0.129" /><testcase classname="tests.test_push_notifications.TestMessageNotificationTrigger" name="test_send_message_triggers_notification_flow" time="0.939" /><testcase classname="tests.test_push_notifications.TestMessageNotificationTrigger" name="test_send_long_message_truncates_in_notification" time="0.820" /><testcase classname="tests.test_push_notifications.TestActivityInviteNotification" name="test_create_activity_triggers_invite_notifications" time="0.835" /><testcase classname="tests.test_push_notifications.TestActivityInviteNotification" name="test_create_activity_no_invites_no_notification" time="0.471" /><testcase classname="tests.test_push_notifications.TestActivityRSVPNotification" name="test_rsvp_going_triggers_creator_notification" time="0.853" /><testcase classname="tests.test_push_notifications.TestActivityRSVPNotification" name="test_rsvp_maybe_triggers_creator_notification" time="0.800" /><testcase classname="tests.test_push_notifications.TestActivityRSVPNotification" name="test_creator_rsvp_own_activity_no_notification" time="0.499" /><testcase classname="tests.test_push_notifications.TestNotificationEndpointValidation" name="test_register_empty_token" time="0.439" /><testcase classname="tests.test_push_notifications.TestNotificationEndpointValidation" name="test_register_custom_platform" time="0.400" /><testcase classname="tests.test_push_notifications.TestNotificationEndpointValidation" name="test_default_platform_android" time="0.514" /><testcase classname="tests.test_push_notifications.TestNotificationChannels" name="test_message_notification_flow" time="0.734" /><testcase classname="tests.test_push_notifications.TestNotificationChannels" name="test_activity_notification_flow" time="0.876" /><testcase classname="tests.test_push_notifications.TestExpoPushTokenValidation" name="test_invalid_token_format_silently_skipped" time="0.442" /></testsuite></testsuites>