<?xml version="1.0" encoding="utf-8"?><testsuites name="pytest tests"><testsuite name="pytest" errors="0" failures="0" skipped="0" tests="27" time="2.180" timestamp="2026-02-12T09:51:10.664154+00:00" hostname="agent-env-9238a75e-27d5-4042-8476-5db5bb75f84b"><testcase classname="backend.tests.test_backend_api.TestHealthCheck" name="test_api_root" time="0.359" /><testcase classname="backend.tests.test_backend_api.TestAuthentication" name="test_auth_me_with_token" time="0.011" /><testcase classname="backend.tests.test_backend_api.TestAuthentication" name="test_auth_me_without_token" time="0.035" /><testcase classname="backend.tests.test_backend_api.TestHomeFeed" name="test_home_feed_without_location" time="0.213" /><testcase classname="backend.tests.test_backend_api.TestHomeFeed" name="test_home_feed_with_location" time="0.218" /><testcase classname="backend.tests.test_backend_api.TestHomeFeed" name="test_home_feed_with_custom_radius" time="0.442" /><testcase classname="backend.tests.test_backend_api.TestArtistProfile" name="test_create_artist_with_town_geocoding" time="0.014" /><testcase classname="backend.tests.test_backend_api.TestArtistProfile" name="test_get_my_artist" time="0.011" /><testcase classname="backend.tests.test_backend_api.TestArtistProfile" name="test_list_artists" time="0.021" /><testcase classname="backend.tests.test_backend_api.TestArtistProfile" name="test_update_artist_town_triggers_geocoding" time="0.100" /><testcase classname="backend.tests.test_backend_api.TestBusinessLocation" name="test_get_businesses" time="0.012" /><testcase classname="backend.tests.test_backend_api.TestBusinessLocation" name="test_get_my_business" time="0.051" /><testcase classname="backend.tests.test_backend_api.TestBusinessLocation" name="test_get_nearby_businesses" time="0.012" /><testcase classname="backend.tests.test_backend_api.TestBusinessLocation" name="test_create_business_with_location" time="0.009" /><testcase classname="backend.tests.test_backend_api.TestBusinessLocation" name="test_update_business_location" time="0.061" /><testcase classname="backend.tests.test_backend_api.TestEvents" name="test_list_events" time="0.052" /><testcase classname="backend.tests.test_backend_api.TestEvents" name="test_create_event_with_datetime" time="0.076" /><testcase classname="backend.tests.test_backend_api.TestEvents" name="test_update_event_datetime" time="0.021" /><testcase classname="backend.tests.test_backend_api.TestUserProfile" name="test_get_profile_me" time="0.049" /><testcase classname="backend.tests.test_backend_api.TestUserProfile" name="test_search_users" time="0.010" /><testcase classname="backend.tests.test_backend_api.TestUserProfile" name="test_get_friends_list" time="0.009" /><testcase classname="backend.tests.test_backend_api.TestUserProfile" name="test_get_user_public_profile" time="0.061" /><testcase classname="backend.tests.test_backend_api.TestUserProfile" name="test_get_conversations" time="0.009" /><testcase classname="backend.tests.test_backend_api.TestUserProfile" name="test_send_message_to_self" time="0.061" /><testcase classname="backend.tests.test_backend_api.TestUserProfile" name="test_get_messages_with_user" time="0.061" /><testcase classname="backend.tests.test_backend_api.TestActivities" name="test_list_activities" time="0.009" /><testcase classname="backend.tests.test_backend_api.TestActivities" name="test_create_activity_with_datetime_and_location" time="0.134" /></testsuite></testsuites>