<?xml version="1.0" encoding="utf-8"?><testsuites name="pytest tests"><testsuite name="pytest" errors="0" failures="0" skipped="0" tests="32" time="10.316" timestamp="2026-02-16T22:21:01.032687+00:00" hostname="agent-env-286ca715-5bac-49e1-b755-5b25f4db4bba"><testcase classname="backend.tests.test_refactored_routes.TestAPISetup" name="test_api_root" time="0.182" /><testcase classname="backend.tests.test_refactored_routes.TestAuthEndpoints" name="test_register_new_user" time="0.436" /><testcase classname="backend.tests.test_refactored_routes.TestAuthEndpoints" name="test_login" time="0.939" /><testcase classname="backend.tests.test_refactored_routes.TestAuthEndpoints" name="test_login_invalid_credentials" time="0.088" /><testcase classname="backend.tests.test_refactored_routes.TestAuthEndpoints" name="test_me_endpoint_unauthorized" time="0.171" /><testcase classname="backend.tests.test_refactored_routes.TestAuthEndpoints" name="test_me_endpoint_authorized" time="0.549" /><testcase classname="backend.tests.test_refactored_routes.TestAuthEndpoints" name="test_logout" time="0.421" /><testcase classname="backend.tests.test_refactored_routes.TestCategoriesEndpoint" name="test_get_categories" time="0.125" /><testcase classname="backend.tests.test_refactored_routes.TestBusinessEndpoints" name="test_list_businesses" time="0.777" /><testcase classname="backend.tests.test_refactored_routes.TestBusinessEndpoints" name="test_get_my_business" time="0.145" /><testcase classname="backend.tests.test_refactored_routes.TestBusinessEndpoints" name="test_create_business" time="0.138" /><testcase classname="backend.tests.test_refactored_routes.TestBusinessEndpoints" name="test_business_fan_gallery" time="0.264" /><testcase classname="backend.tests.test_refactored_routes.TestArtistEndpoints" name="test_list_artists" time="0.501" /><testcase classname="backend.tests.test_refactored_routes.TestArtistEndpoints" name="test_get_my_artist" time="0.075" /><testcase classname="backend.tests.test_refactored_routes.TestArtistEndpoints" name="test_create_artist" time="0.178" /><testcase classname="backend.tests.test_refactored_routes.TestArtistEndpoints" name="test_artist_fan_gallery" time="0.192" /><testcase classname="backend.tests.test_refactored_routes.TestPostEndpoints" name="test_list_posts" time="0.613" /><testcase classname="backend.tests.test_refactored_routes.TestPostEndpoints" name="test_create_post" time="0.069" /><testcase classname="backend.tests.test_refactored_routes.TestPostEndpoints" name="test_like_post" time="0.250" /><testcase classname="backend.tests.test_refactored_routes.TestPostEndpoints" name="test_comment_on_post" time="0.204" /><testcase classname="backend.tests.test_refactored_routes.TestPostEndpoints" name="test_delete_post" time="0.146" /><testcase classname="backend.tests.test_refactored_routes.TestStoryEndpoints" name="test_list_stories" time="0.433" /><testcase classname="backend.tests.test_refactored_routes.TestStoryEndpoints" name="test_create_story" time="0.412" /><testcase classname="backend.tests.test_refactored_routes.TestEventEndpoints" name="test_list_events" time="0.455" /><testcase classname="backend.tests.test_refactored_routes.TestMessageEndpoints" name="test_list_conversations" time="0.617" /><testcase classname="backend.tests.test_refactored_routes.TestMessageEndpoints" name="test_unread_count" time="0.099" /><testcase classname="backend.tests.test_refactored_routes.TestFeedEndpoint" name="test_home_feed" time="0.680" /><testcase classname="backend.tests.test_refactored_routes.TestFeedEndpoint" name="test_home_feed_with_location" time="0.203" /><testcase classname="backend.tests.test_refactored_routes.TestProfileEndpoints" name="test_get_profile_me" time="0.504" /><testcase classname="backend.tests.test_refactored_routes.TestProfileEndpoints" name="test_get_user_public_profile" time="0.097" /><testcase classname="backend.tests.test_refactored_routes.TestProfileEndpoints" name="test_update_profile_info" time="0.140" /><testcase classname="backend.tests.test_refactored_routes.TestProfileEndpoints" name="test_get_my_friends" time="0.094" /></testsuite></testsuites>